<?xml version="1.0" encoding="UTF-8"?>
<testng-results ignored="0" total="5" passed="5" failed="0" skipped="0">
  <reporter-output>
  </reporter-output>
  <suite started-at="2023-11-21T19:58:20 SAST" name="TestSuites.AddUser" finished-at="2023-11-21T19:58:41 SAST" duration-ms="21229">
    <groups>
    </groups>
    <test started-at="2023-11-21T19:58:20 SAST" name="Command line test" finished-at="2023-11-21T19:58:41 SAST" duration-ms="21229">
      <class name="TestSuites.AddUser">
        <test-method signature="addUser(java.lang.String,java.lang.String,java.lang.String,java.lang.String,java.lang.String,java.lang.String)[pri:0, instance:TestSuites.AddUser@17c386de]" started-at="2023-11-21T19:58:21 SAST" name="addUser" data-provider="addUsers" finished-at="2023-11-21T19:58:37 SAST" duration-ms="15836" status="PASS">
          <params>
            <param index="0">
              <value>
                <![CDATA[Navigate to website]]>
              </value>
            </param>
            <param index="1">
              <value>
                <![CDATA[navigate to website waytoautomation]]>
              </value>
            </param>
            <param index="2">
              <value>
                <![CDATA[navigate]]>
              </value>
            </param>
            <param index="3">
              <value>
                <![CDATA[Config]]>
              </value>
            </param>
            <param index="4">
              <value>
                <![CDATA[url]]>
              </value>
            </param>
            <param index="5">
              <value>
                <![CDATA[]]>
              </value>
            </param>
          </params>
          <reporter-output>
          </reporter-output>
        </test-method> <!-- addUser -->
        <test-method signature="addUser(java.lang.String,java.lang.String,java.lang.String,java.lang.String,java.lang.String,java.lang.String)[pri:0, instance:TestSuites.AddUser@17c386de]" started-at="2023-11-21T19:58:37 SAST" name="addUser" data-provider="addUsers" finished-at="2023-11-21T19:58:37 SAST" duration-ms="64" status="PASS">
          <params>
            <param index="0">
              <value>
                <![CDATA[Validate that you are on the User List Table]]>
              </value>
            </param>
            <param index="1">
              <value>
                <![CDATA[validate that user table is dispalyed]]>
              </value>
            </param>
            <param index="2">
              <value>
                <![CDATA[validate]]>
              </value>
            </param>
            <param index="3">
              <value>
                <![CDATA[WebTable]]>
              </value>
            </param>
            <param index="4">
              <value>
                <![CDATA[users_list_table_xpath]]>
              </value>
            </param>
            <param index="5">
              <value>
                <![CDATA[]]>
              </value>
            </param>
          </params>
          <reporter-output>
          </reporter-output>
        </test-method> <!-- addUser -->
        <test-method signature="addUser(java.lang.String,java.lang.String,java.lang.String,java.lang.String,java.lang.String,java.lang.String)[pri:0, instance:TestSuites.AddUser@17c386de]" started-at="2023-11-21T19:58:37 SAST" name="addUser" data-provider="addUsers" finished-at="2023-11-21T19:58:37 SAST" duration-ms="135" status="PASS">
          <params>
            <param index="0">
              <value>
                <![CDATA[Click Add User]]>
              </value>
            </param>
            <param index="1">
              <value>
                <![CDATA[Click button add user]]>
              </value>
            </param>
            <param index="2">
              <value>
                <![CDATA[click]]>
              </value>
            </param>
            <param index="3">
              <value>
                <![CDATA[WebTable]]>
              </value>
            </param>
            <param index="4">
              <value>
                <![CDATA[btn_add_user_xpath]]>
              </value>
            </param>
            <param index="5">
              <value>
                <![CDATA[]]>
              </value>
            </param>
          </params>
          <reporter-output>
          </reporter-output>
        </test-method> <!-- addUser -->
        <test-method signature="addUser(java.lang.String,java.lang.String,java.lang.String,java.lang.String,java.lang.String,java.lang.String)[pri:0, instance:TestSuites.AddUser@17c386de]" started-at="2023-11-21T19:58:37 SAST" name="addUser" data-provider="addUsers" finished-at="2023-11-21T19:58:41 SAST" duration-ms="3896" status="PASS">
          <params>
            <param index="0">
              <value>
                <![CDATA[Add specified users]]>
              </value>
            </param>
            <param index="1">
              <value>
                <![CDATA[Add user from file users]]>
              </value>
            </param>
            <param index="2">
              <value>
                <![CDATA[Add]]>
              </value>
            </param>
            <param index="3">
              <value>
                <![CDATA[WebTable]]>
              </value>
            </param>
            <param index="4">
              <value>
                <![CDATA[AddUsers]]>
              </value>
            </param>
            <param index="5">
              <value>
                <![CDATA[UserList]]>
              </value>
            </param>
          </params>
          <reporter-output>
          </reporter-output>
        </test-method> <!-- addUser -->
        <test-method signature="addUser(java.lang.String,java.lang.String,java.lang.String,java.lang.String,java.lang.String,java.lang.String)[pri:0, instance:TestSuites.AddUser@17c386de]" started-at="2023-11-21T19:58:41 SAST" name="addUser" data-provider="addUsers" finished-at="2023-11-21T19:58:41 SAST" duration-ms="189" status="PASS">
          <params>
            <param index="0">
              <value>
                <![CDATA[]]>
              </value>
            </param>
            <param index="1">
              <value>
                <![CDATA[Validate users added]]>
              </value>
            </param>
            <param index="2">
              <value>
                <![CDATA[validate_data]]>
              </value>
            </param>
            <param index="3">
              <value>
                <![CDATA[WebTable]]>
              </value>
            </param>
            <param index="4">
              <value>
                <![CDATA[AddUsers]]>
              </value>
            </param>
            <param index="5">
              <value>
                <![CDATA[UserList]]>
              </value>
            </param>
          </params>
          <reporter-output>
          </reporter-output>
        </test-method> <!-- addUser -->
      </class> <!-- TestSuites.AddUser -->
    </test> <!-- Command line test -->
  </suite> <!-- TestSuites.AddUser -->
</testng-results>
