<?xml version="1.0" encoding="UTF-8"?>
<!-- Generated by org.testng.reporters.JUnitXMLReporter -->
<testsuite ignored="0" hostname="Lux-PC" failures="0" tests="4" name="Command line test" time="3.69" errors="0" timestamp="2023-11-22T02:21:41 SAST">
  <testcase classname="APITestSuite.DogBreeds" name="all_dog_breeds" time="1.824"/>
  <testcase classname="APITestSuite.DogBreeds" name="retriever_in_list" time="0.602"/>
  <testcase classname="APITestSuite.DogBreeds" name="retriever_sub_breeds" time="0.597"/>
  <testcase classname="APITestSuite.DogBreeds" name="sub_breed_golden_random_image" time="0.583"/>
</testsuite> <!-- Command line test -->
